[09:32:27] [main/WARN]: Ambiguity between arguments [teleport, location] and [teleport, destination] with inputs: [0.1 -0.5 .9, 0 0 0]
[09:32:27] [main/WARN]: Ambiguity between arguments [teleport, location] and [teleport, targets] with inputs: [0.1 -0.5 .9, 0 0 0]
[09:32:27] [main/WARN]: Ambiguity between arguments [teleport, targets] and [teleport, destination] with inputs: [Player, 0123, dd12be42-52a9-4a91-a8a1-11c01849e498]
[09:32:27] [main/WARN]: Ambiguity between arguments [teleport, targets, location] and [teleport, targets, destination] with inputs: [0.1 -0.5 .9, 0 0 0]
[09:32:27] [main/INFO]: Loaded 0 recipes
[09:32:27] [main/INFO]: Loaded 0 advancements
[09:32:29] [Server thread/INFO]: Starting minecraft server version 1.13.2
[09:32:29] [Server thread/INFO]: Loading properties
[09:32:29] [Server console handler/ERROR]: Exception handling console input
java.io.IOException: The handle is invalid
	at java.io.FileInputStream.readBytes(Native Method) ~[?:1.8.0_171]
	at java.io.FileInputStream.read(Unknown Source) ~[?:1.8.0_171]
	at java.io.BufferedInputStream.read1(Unknown Source) ~[?:1.8.0_171]
	at java.io.BufferedInputStream.read(Unknown Source) ~[?:1.8.0_171]
	at sun.nio.cs.StreamDecoder.readBytes(Unknown Source) ~[?:1.8.0_171]
	at sun.nio.cs.StreamDecoder.implRead(Unknown Source) ~[?:1.8.0_171]
	at sun.nio.cs.StreamDecoder.read(Unknown Source) ~[?:1.8.0_171]
	at java.io.InputStreamReader.read(Unknown Source) ~[?:1.8.0_171]
	at java.io.BufferedReader.fill(Unknown Source) ~[?:1.8.0_171]
	at java.io.BufferedReader.readLine(Unknown Source) ~[?:1.8.0_171]
	at java.io.BufferedReader.readLine(Unknown Source) ~[?:1.8.0_171]
	at so$2.run(SourceFile:110) [server.jar:?]
[09:32:29] [Server thread/INFO]: Default game type: SURVIVAL
[09:32:29] [Server thread/INFO]: Generating keypair
[09:32:29] [Server thread/INFO]: Starting Minecraft server on *:25565
[09:32:29] [Server thread/INFO]: Using default channel type
[09:32:30] [Server thread/INFO]: Preparing level "world"
[09:32:30] [Server thread/INFO]: Reloading ResourceManager: Default
[09:32:31] [Server thread/INFO]: Loaded 524 recipes
[09:32:31] [Server thread/INFO]: Loaded 571 advancements
[09:32:31] [Server thread/INFO]: Preparing start region for dimension minecraft:overworld
[09:32:32] [Server thread/INFO]: Preparing spawn area: 4%
[09:32:32] [Server thread/INFO]: Preparing spawn area: 8%
[09:32:32] [Server thread/INFO]: Preparing spawn area: 12%
[09:32:32] [Server thread/INFO]: Preparing spawn area: 16%
[09:32:32] [Server thread/INFO]: Preparing spawn area: 20%
[09:32:32] [Server thread/INFO]: Preparing spawn area: 24%
[09:32:32] [Server thread/INFO]: Preparing spawn area: 28%
[09:32:32] [Server thread/INFO]: Preparing spawn area: 32%
[09:32:32] [Server thread/INFO]: Preparing spawn area: 36%
[09:32:32] [Server thread/INFO]: Preparing spawn area: 40%
[09:32:32] [Server thread/INFO]: Preparing spawn area: 44%
[09:32:32] [Server thread/INFO]: Preparing spawn area: 48%
[09:32:33] [Server thread/INFO]: Preparing spawn area: 52%
[09:32:33] [Server thread/INFO]: Preparing spawn area: 56%
[09:32:33] [Server thread/INFO]: Preparing spawn area: 60%
[09:32:33] [Server thread/INFO]: Preparing spawn area: 64%
[09:32:33] [Server thread/INFO]: Preparing spawn area: 68%
[09:32:33] [Server thread/INFO]: Preparing spawn area: 72%
[09:32:33] [Server thread/INFO]: Preparing spawn area: 76%
[09:32:33] [Server thread/INFO]: Preparing spawn area: 80%
[09:32:33] [Server thread/INFO]: Preparing spawn area: 84%
[09:32:33] [Server thread/INFO]: Preparing spawn area: 88%
[09:32:33] [Server thread/INFO]: Preparing spawn area: 92%
[09:32:33] [Server thread/INFO]: Preparing spawn area: 96%
[09:32:33] [Server thread/INFO]: Preparing spawn area: 100%
[09:32:33] [Server thread/INFO]: Time elapsed: 1346 ms
[09:32:33] [Server thread/INFO]: Done (3.027s)! For help, type "help"
[09:33:12] [Server thread/INFO]: [Server] whip dab
[09:33:46] [User Authenticator #1/INFO]: UUID of player legojoshua12 is b3d84602-239f-45ea-a036-7ace620f16d5
[09:33:46] [Server thread/INFO]: legojoshua12[/10.162.40.206:56604] logged in with entity id 535 at (23.872857072924173, 56.0, -387.05797535457043)
[09:33:46] [Server thread/INFO]: legojoshua12 joined the game
[09:35:04] [Server thread/INFO]: legojoshua12 has made the advancement [Cover Me With Diamonds]
[09:39:34] [Server thread/WARN]: Can't keep up! Is the server overloaded? Running 2387ms or 47 ticks behind
[09:59:14] [Server thread/INFO]: legojoshua12 lost connection: Disconnected
[09:59:14] [Server thread/INFO]: legojoshua12 left the game
[09:59:39] [Server thread/INFO]: Stopping the server
[09:59:39] [Server thread/INFO]: Stopping server
[09:59:39] [Server thread/INFO]: Saving players
[09:59:39] [Server thread/INFO]: Saving worlds
[09:59:39] [Server thread/INFO]: Saving chunks for level 'world'/minecraft:overworld
[09:59:39] [Server thread/INFO]: Saving chunks for level 'world'/minecraft:the_end
[09:59:39] [Server thread/INFO]: Saving chunks for level 'world'/minecraft:the_nether
[09:59:39] [Server Shutdown Thread/INFO]: Stopping server
[09:59:39] [Server Shutdown Thread/INFO]: Saving players
[09:59:39] [Server Shutdown Thread/INFO]: Saving worlds
